0 info it worked if it ends with ok
1 verbose cli [ 'H:\\Julia\\Tools\\Nodejs\\node.exe',
1 verbose cli   'H:\\Julia\\Tools\\Nodejs\\node_modules\\npm\\bin\\npm-cli.js',
1 verbose cli   'run',
1 verbose cli   'build' ]
2 info using npm@3.10.8
3 info using node@v6.9.1
4 verbose run-script [ 'prebuild', 'build', 'postbuild' ]
5 info lifecycle core@0.0.1~prebuild: core@0.0.1
6 silly lifecycle core@0.0.1~prebuild: no script for prebuild, continuing
7 info lifecycle core@0.0.1~build: core@0.0.1
8 verbose lifecycle core@0.0.1~build: unsafe-perm in lifecycle true
9 verbose lifecycle core@0.0.1~build: PATH: H:\Julia\Tools\Nodejs\node_modules\npm\bin\node-gyp-bin;H:\Julia\workspace\core\node_modules\.bin;G:\Windows\system32;G:\Windows;G:\Windows\System32\Wbem;G:\Windows\System32\WindowsPowerShell\v1.0\;G:\Program Files\NVIDIA Corporation\PhysX\Common;H:\Julia\Tools\Nodejs\;G:\Program Files\Skype\Phone\;G:\Users\FD1\AppData\Roaming\npm
10 verbose lifecycle core@0.0.1~build: CWD: H:\Julia\workspace\core
11 silly lifecycle core@0.0.1~build: Args: [ '/d /s /c', 'webpack' ]
12 silly lifecycle core@0.0.1~build: Returned: code: 2  signal: null
13 info lifecycle core@0.0.1~build: Failed to exec build script
14 verbose stack Error: core@0.0.1 build: `webpack`
14 verbose stack Exit status 2
14 verbose stack     at EventEmitter.<anonymous> (H:\Julia\Tools\Nodejs\node_modules\npm\lib\utils\lifecycle.js:255:16)
14 verbose stack     at emitTwo (events.js:106:13)
14 verbose stack     at EventEmitter.emit (events.js:191:7)
14 verbose stack     at ChildProcess.<anonymous> (H:\Julia\Tools\Nodejs\node_modules\npm\lib\utils\spawn.js:40:14)
14 verbose stack     at emitTwo (events.js:106:13)
14 verbose stack     at ChildProcess.emit (events.js:191:7)
14 verbose stack     at maybeClose (internal/child_process.js:877:16)
14 verbose stack     at Process.ChildProcess._handle.onexit (internal/child_process.js:226:5)
15 verbose pkgid core@0.0.1
16 verbose cwd H:\Julia\workspace\core
17 error Windows_NT 6.1.7601
18 error argv "H:\\Julia\\Tools\\Nodejs\\node.exe" "H:\\Julia\\Tools\\Nodejs\\node_modules\\npm\\bin\\npm-cli.js" "run" "build"
19 error node v6.9.1
20 error npm  v3.10.8
21 error code ELIFECYCLE
22 error core@0.0.1 build: `webpack`
22 error Exit status 2
23 error Failed at the core@0.0.1 build script 'webpack'.
23 error Make sure you have the latest version of node.js and npm installed.
23 error If you do, this is most likely a problem with the core package,
23 error not with npm itself.
23 error Tell the author that this fails on your system:
23 error     webpack
23 error You can get information on how to open an issue for this project with:
23 error     npm bugs core
23 error Or if that isn't available, you can get their info via:
23 error     npm owner ls core
23 error There is likely additional logging output above.
24 verbose exit [ 1, true ]
